[0m[[0mdebug[0m] [0mRunning TaskDef(exercise1.Main$Test, org.scalatest.tools.Framework$$anon$1@6e0fc0ed, false, [SuiteSelector])[0m
[0m[[0mdebug[0m] [0mRunning TaskDef(exercise2.Main$Test, org.scalatest.tools.Framework$$anon$1@6e0fc0ed, false, [SuiteSelector])[0m
[0m[[0mdebug[0m] [0mRunning TaskDef(week2.FunctionalSets$Test, org.scalatest.tools.Framework$$anon$1@6e0fc0ed, false, [SuiteSelector])[0m
[0m[[0mdebug[0m] [0mRunning TaskDef(week3.TweetSetSuite, org.scalatest.tools.Framework$$anon$1@6e0fc0ed, false, [SuiteSelector])[0m
[0m[[0minfo[0m] [0m[36mRun completed in 224 milliseconds.[0m[0m
[0m[[0minfo[0m] [0m[36mTotal number of tests run: 17[0m[0m
[0m[[0minfo[0m] [0m[36mSuites: completed 4, aborted 0[0m[0m
[0m[[0minfo[0m] [0m[36mTests: succeeded 16, failed 1, canceled 0, ignored 0, pending 0[0m[0m
[0m[[0minfo[0m] [0m[31m*** 1 TEST FAILED ***[0m[0m
[0m[[0mdebug[0m] [0mPassed tests:[0m
[0m[[0mdebug[0m] [0m	exercise1.Main$Test[0m
[0m[[0mdebug[0m] [0m	week2.FunctionalSets$Test[0m
[0m[[0mdebug[0m] [0m	exercise2.Main$Test[0m
[0m[[31merror[0m] [0mFailed tests:[0m
[0m[[31merror[0m] [0m	week3.TweetSetSuite[0m
[0m[[31merror[0m] [0m(test:[31mtest[0m) sbt.TestsFailedException: Tests unsuccessful[0m
